Build started 4/19/2012 10:59:51 AM.
     1>Project "C:\Amit\AgrawalECCV06CodeMFiles\MST_fromlabpc\mst.vcxproj" on node 2 (rebuild target(s)).
     1>_PrepareForClean:
         Deleting file ".\Release\mst.lastbuildstate".
       InitializeBuildStatus:
         Creating ".\Release\mst.unsuccessfulbuild" because "AlwaysCreate" was specified.
       ClCompile:
         C:\Program Files (x86)\Microsoft Visual Studio 10.0\VC\bin\CL.exe /c /Zi /nologo /W3 /WX- /O2 /Ob1 /Oy- /D WIN32 /D NDEBUG /D _CONSOLE /D _VC80_UPGRADE=0x0600 /D _MBCS /GF /Gm- /EHsc /MT /GS /Gy /fp:precise /Zc:wchar_t /Zc:forScope /Fo".\Release\\" /Fd".\Release\vc100.pdb" /Gd /TP /wd4996 /analyze- /errorReport:prompt dfs.cpp helper.cpp hpsort.cpp mst.cpp
         dfs.cpp
         helper.cpp
         hpsort.cpp
         mst.cpp
         Generating Code...
       Link:
         C:\Program Files (x86)\Microsoft Visual Studio 10.0\VC\bin\link.exe /ERRORREPORT:PROMPT /OUT:".\Release\mst.exe" /INCREMENTAL:NO /NOLOGO odbc32.lib odbccp32.lib kernel32.lib user32.lib gdi32.lib winspool.lib comdlg32.lib advapi32.lib shell32.lib ole32.lib oleaut32.lib uuid.lib odbc32.lib odbccp32.lib /MANIFEST /ManifestFile:".\Release\mst.exe.intermediate.manifest" /MANIFESTUAC:"level='asInvoker' uiAccess='false'" /PDB:"C:\Amit\AgrawalECCV06CodeMFiles\MST_fromlabpc\Release\mst.pdb" /SUBSYSTEM:CONSOLE /TLBID:1 /DYNAMICBASE /NXCOMPAT /IMPLIB:".\Release\mst.lib" /MACHINE:X86 .\Release\dfs.obj
         .\Release\helper.obj
         .\Release\hpsort.obj
         .\Release\mst.obj
         mst.vcxproj -> C:\Amit\AgrawalECCV06CodeMFiles\MST_fromlabpc\.\Release\mst.exe
       Manifest:
         C:\Program Files (x86)\Microsoft SDKs\Windows\v7.0A\bin\mt.exe /nologo /verbose /outputresource:".\Release\mst.exe;#1" /manifest .\Release\mst.exe.intermediate.manifest
       FinalizeBuildStatus:
         Deleting file ".\Release\mst.unsuccessfulbuild".
         Touching ".\Release\mst.lastbuildstate".
     1>Done Building Project "C:\Amit\AgrawalECCV06CodeMFiles\MST_fromlabpc\mst.vcxproj" (rebuild target(s)).

Build succeeded.

Time Elapsed 00:00:00.70
