C:\Amit\AgrawalECCV06CodeMFiles\MST_fromlabpc\.\Release\mst.exe
C:\Amit\AgrawalECCV06CodeMFiles\MST_fromlabpc\.\Release\mst.exe.intermediate.manifest
C:\Amit\AgrawalECCV06CodeMFiles\MST_fromlabpc\Release\cl.command.1.tlog
C:\Amit\AgrawalECCV06CodeMFiles\MST_fromlabpc\Release\CL.read.1.tlog
C:\Amit\AgrawalECCV06CodeMFiles\MST_fromlabpc\Release\CL.write.1.tlog
C:\AMIT\AGRAWALECCV06CODEMFILES\MST_FROMLABPC\RELEASE\DFS.OBJ
C:\AMIT\AGRAWALECCV06CODEMFILES\MST_FROMLABPC\RELEASE\HELPER.OBJ
C:\AMIT\AGRAWALECCV06CODEMFILES\MST_FROMLABPC\RELEASE\HPSORT.OBJ
C:\Amit\AgrawalECCV06CodeMFiles\MST_fromlabpc\Release\link.command.1.tlog
C:\Amit\AgrawalECCV06CodeMFiles\MST_fromlabpc\Release\link.read.1.tlog
C:\Amit\AgrawalECCV06CodeMFiles\MST_fromlabpc\Release\link.write.1.tlog
C:\AMIT\AGRAWALECCV06CODEMFILES\MST_FROMLABPC\RELEASE\MST.EXE
C:\AMIT\AGRAWALECCV06CODEMFILES\MST_FROMLABPC\RELEASE\MST.EXE.INTERMEDIATE.MANIFEST
C:\AMIT\AGRAWALECCV06CODEMFILES\MST_FROMLABPC\RELEASE\MST.OBJ
C:\Amit\AgrawalECCV06CodeMFiles\MST_fromlabpc\Release\mt.command.1.tlog
C:\Amit\AgrawalECCV06CodeMFiles\MST_fromlabpc\Release\mt.read.1.tlog
C:\Amit\AgrawalECCV06CodeMFiles\MST_fromlabpc\Release\mt.write.1.tlog
C:\AMIT\AGRAWALECCV06CODEMFILES\MST_FROMLABPC\RELEASE\VC100.PDB
C:\AMIT\MST_FROMLABPC\RELEASE\DFS.OBJ
C:\AMIT\MST_FROMLABPC\RELEASE\HELPER.OBJ
C:\AMIT\MST_FROMLABPC\RELEASE\HPSORT.OBJ
C:\AMIT\MST_FROMLABPC\RELEASE\MST.EXE
C:\AMIT\MST_FROMLABPC\RELEASE\MST.EXE.INTERMEDIATE.MANIFEST
C:\AMIT\MST_FROMLABPC\RELEASE\MST.OBJ
C:\AMIT\MST_FROMLABPC\RELEASE\VC100.PDB
